<?xml version="1.0" encoding="UTF-8"?>
<!-- Generated by org.testng.reporters.JUnitReportReporter -->
<testsuite hostname="Vigneshs-MacBook-Air-3.local" failures="0" tests="5" name="testCases.TestData" time="0.022" errors="0" timestamp="2024-09-02T14:27:54 IST" skipped="0">
  <testcase classname="testCases.TestData" name="loginTest" time="0.006"/>
  <testcase classname="testCases.TestData" name="loginTest" time="0.002"/>
  <testcase classname="testCases.TestData" name="loginTest" time="0.002"/>
  <testcase classname="testCases.TestData" name="loginTest" time="0.001"/>
  <testcase classname="testCases.TestData" name="loginTest" time="0.011"/>
</testsuite> <!-- testCases.TestData -->
