<?xml version="1.0" encoding="UTF-8"?>
<!-- Generated by org.testng.reporters.JUnitReportReporter -->
<testsuite hostname="Vigneshs-MacBook-Air-3.local" failures="0" tests="1" name="testCases.TC01_RegisterTest" time="3.242" errors="0" timestamp="2024-09-07T01:18:36 IST" skipped="0">
  <testcase classname="testCases.TC01_RegisterTest" name="registerTest" time="3.242"/>
</testsuite> <!-- testCases.TC01_RegisterTest -->
