<?xml version="1.0" encoding="UTF-8"?>
<!-- Generated by org.testng.reporters.JUnitReportReporter -->
<testsuite hostname="Vigneshs-MacBook-Air-3.local" failures="0" tests="1" name="testCases.TC02_LoginTest" time="1.915" errors="0" timestamp="2024-09-06T21:51:34 IST" skipped="0">
  <testcase classname="testCases.TC02_LoginTest" name="loginTest" time="1.915"/>
</testsuite> <!-- testCases.TC02_LoginTest -->
