<?xml version="1.0" encoding="UTF-8"?>
<!-- Generated by org.testng.reporters.JUnitReportReporter -->
<testsuite hostname="Vigneshs-MacBook-Air-3.local" failures="0" tests="1" name="testCases.TC01_RegisterTest" time="2.592" errors="0" timestamp="2024-09-06T21:51:34 IST" skipped="0">
  <testcase classname="testCases.TC01_RegisterTest" name="registerTest" time="2.592"/>
</testsuite> <!-- testCases.TC01_RegisterTest -->
