<?xml version="1.0" encoding="UTF-8"?>
<!-- Generated by org.testng.reporters.JUnitReportReporter -->
<testsuite hostname="Vigneshs-MacBook-Air-3.local" failures="0" tests="1" name="testCases.TC02_LoginTest" time="2.145" errors="0" timestamp="2024-09-07T01:18:36 IST" skipped="0">
  <testcase classname="testCases.TC02_LoginTest" name="loginTest" time="2.145"/>
</testsuite> <!-- testCases.TC02_LoginTest -->
